<?xml version="1.0" encoding="UTF-8"?>
<!-- Generated by org.testng.reporters.JUnitReportReporter -->
<testsuite hostname="LAPTOP-DI19II1D" failures="0" tests="1" name="testCases.TC_001" time="7.226" errors="0" timestamp="2024-02-06T11:31:37 IST" skipped="0">
  <testcase classname="testCases.TC_001" name="CreateAccount" time="7.226"/>
  <system-out/>
</testsuite> <!-- testCases.TC_001 -->
